<?xml version="1.0" encoding="UTF-8"?>
<!-- Generated by org.testng.reporters.JUnitXMLReporter -->
<testsuite ignored="1" hostname="MSI" failures="0" tests="5" name="Default test" time="21.103" errors="0" timestamp="2025-07-09T22:57:55 IST">
  <testcase classname="tests.CheckoutTest" name="checkoutInformationPage" time="6.671"/>
  <testcase classname="tests.CheckoutTest" name="checkoutInformationPage" time="2.383"/>
  <testcase classname="tests.CheckoutTest" name="checkoutInformationPage" time="1.361"/>
  <testcase classname="tests.CheckoutTest" name="checkoutInformationPage" time="1.368"/>
  <testcase classname="tests.CheckoutTest" name="checkoutInformationPage" time="1.638"/>
  <testcase classname="tests.CheckoutTest" name="sanityTest_CheckoutOverviewPage" time="0.0">
    <ignored/>
  </testcase> <!-- sanityTest_CheckoutOverviewPage -->
</testsuite> <!-- Default test -->
