<?xml version="1.0" encoding="UTF-8"?>
<!-- Generated by org.testng.reporters.JUnitXMLReporter -->
<testsuite ignored="0" hostname="MSI" failures="0" tests="11" name="Default test" time="102.437" errors="0" timestamp="2025-07-07T22:12:27 IST">
  <testcase classname="tests.InventoryTest" name="addSpecificProductToCart" time="11.323"/>
  <testcase classname="tests.InventoryTest" name="testInventorySort" time="0.751"/>
  <testcase classname="tests.InventoryTest" name="testInventorySort" time="1.767"/>
  <testcase classname="tests.InventoryTest" name="testInventorySort" time="2.142"/>
  <testcase classname="tests.InventoryTest" name="testInventorySort" time="2.281"/>
  <testcase classname="tests.InventoryTest" name="getNumberOfProductsAvailableInInventoryPage" time="2.397"/>
  <testcase classname="tests.InventoryTest" name="getListofAvailableProductNameFromInventoryPage" time="1.755"/>
  <testcase classname="tests.InventoryTest" name="addFirstProductToCartFromInventoryPage" time="2.226"/>
  <testcase classname="tests.InventoryTest" name="addAllTheProductsToCartFromInventoryPage" time="4.848"/>
  <testcase classname="tests.InventoryTest" name="removeFirstItemFromCart" time="0.705"/>
  <testcase classname="tests.InventoryTest" name="removeAllTheProductsFromCart" time="2.611"/>
</testsuite> <!-- Default test -->
