<?xml version="1.0" encoding="UTF-8"?>
<!-- Generated by org.testng.reporters.JUnitXMLReporter -->
<testsuite ignored="2" hostname="MSI" failures="2" tests="16" name="Swag Tests" time="98.71" errors="0" timestamp="2025-07-05T19:32:26 IST">
  <testcase classname="tests.LoginTest" name="loginTest" time="1.217"/>
  <testcase classname="tests.LoginTest" name="loginTest" time="1.045"/>
  <testcase classname="tests.LoginTest" name="loginTest" time="1.092"/>
  <testcase classname="tests.LoginTest" name="loginTest" time="0.998"/>
  <testcase classname="tests.LoginTest" name="loginTest" time="0.989"/>
  <testcase classname="tests.InventoryTest" name="addSpecificProductToCart" time="16.353">
    <failure type="org.openqa.selenium.TimeoutException" message="Expected condition failed: waiting for visibility of element located by By.className: shopping_cart_badge (tried for 5 second(s) with 500 milliseconds interval)
Build info: version: &amp;apos;4.20.0&amp;apos;, revision: &amp;apos;866c76ca80&amp;apos;
System info: os.name: &amp;apos;Windows 11&amp;apos;, os.arch: &amp;apos;amd64&amp;apos;, os.version: &amp;apos;10.0&amp;apos;, java.version: &amp;apos;17.0.12&amp;apos;
Driver info: org.openqa.selenium.chrome.ChromeDriver
Capabilities {acceptInsecureCerts: false, browserName: chrome, browserVersion: 138.0.7204.97, chrome: {chromedriverVersion: 138.0.7204.92 (f079b9bc781e..., userDataDir: /tmp/chrome-user-data-b0a5a...}, fedcm:accounts: true, goog:chromeOptions: {debuggerAddress: localhost:58558}, networkConnectionEnabled: false, pageLoadStrategy: normal, platformName: windows, proxy: Proxy(), se:cdp: ws://localhost:58558/devtoo..., se:cdpVersion: 138.0.7204.97, setWindowRect: true, strictFileInteractability: false, timeouts: {implicit: 0, pageLoad: 300000, script: 30000}, unhandledPromptBehavior: dismiss and notify, webauthn:extension:credBlob: true, webauthn:extension:largeBlob: true, webauthn:extension:minPinLength: true, webauthn:extension:prf: true, webauthn:virtualAuthenticators: true}
Session ID: e133a09732dd6c322ee3f7b6aaf37d0f">
      <![CDATA[org.openqa.selenium.TimeoutException: Expected condition failed: waiting for visibility of element located by By.className: shopping_cart_badge (tried for 5 second(s) with 500 milliseconds interval)
Build info: version: '4.20.0', revision: '866c76ca80'
System info: os.name: 'Windows 11', os.arch: 'amd64', os.version: '10.0', java.version: '17.0.12'
Driver info: org.openqa.selenium.chrome.ChromeDriver
Capabilities {acceptInsecureCerts: false, browserName: chrome, browserVersion: 138.0.7204.97, chrome: {chromedriverVersion: 138.0.7204.92 (f079b9bc781e..., userDataDir: /tmp/chrome-user-data-b0a5a...}, fedcm:accounts: true, goog:chromeOptions: {debuggerAddress: localhost:58558}, networkConnectionEnabled: false, pageLoadStrategy: normal, platformName: windows, proxy: Proxy(), se:cdp: ws://localhost:58558/devtoo..., se:cdpVersion: 138.0.7204.97, setWindowRect: true, strictFileInteractability: false, timeouts: {implicit: 0, pageLoad: 300000, script: 30000}, unhandledPromptBehavior: dismiss and notify, webauthn:extension:credBlob: true, webauthn:extension:largeBlob: true, webauthn:extension:minPinLength: true, webauthn:extension:prf: true, webauthn:virtualAuthenticators: true}
Session ID: e133a09732dd6c322ee3f7b6aaf37d0f
at org.openqa.selenium.support.ui.WebDriverWait.timeoutException(WebDriverWait.java:84)
at org.openqa.selenium.support.ui.FluentWait.until(FluentWait.java:228)
at utils.WaitUtils.waitForVisibility(WaitUtils.java:11)
at pages.InventoryPage.getCartBadgeCount(InventoryPage.java:88)
at tests.InventoryTest.addSpecificProductToCart(InventoryTest.java:168)
at java.base/java.util.ArrayList.forEach(ArrayList.java:1511)
... Removed 27 stack frames]]>
    </failure>
  </testcase> <!-- addSpecificProductToCart -->
  <testcase classname="tests.InventoryTest" name="testInventorySort" time="1.349"/>
  <testcase classname="tests.InventoryTest" name="testInventorySort" time="1.337"/>
  <testcase classname="tests.InventoryTest" name="testInventorySort" time="1.469"/>
  <testcase classname="tests.InventoryTest" name="testInventorySort" time="1.356"/>
  <testcase classname="tests.InventoryTest" name="getNumberOfProductsAvailableInInventoryPage" time="1.282"/>
  <testcase classname="tests.InventoryTest" name="getListofAvailableProductNameFromInventoryPage" time="1.214"/>
  <testcase classname="tests.InventoryTest" name="addFirstProductToCartFromInventoryPage" time="11.459">
    <failure type="org.openqa.selenium.TimeoutException" message="Expected condition failed: waiting for visibility of element located by By.className: shopping_cart_badge (tried for 5 second(s) with 500 milliseconds interval)
Build info: version: &amp;apos;4.20.0&amp;apos;, revision: &amp;apos;866c76ca80&amp;apos;
System info: os.name: &amp;apos;Windows 11&amp;apos;, os.arch: &amp;apos;amd64&amp;apos;, os.version: &amp;apos;10.0&amp;apos;, java.version: &amp;apos;17.0.12&amp;apos;
Driver info: org.openqa.selenium.chrome.ChromeDriver
Capabilities {acceptInsecureCerts: false, browserName: chrome, browserVersion: 138.0.7204.97, chrome: {chromedriverVersion: 138.0.7204.92 (f079b9bc781e..., userDataDir: /tmp/chrome-user-data-e3cfb...}, fedcm:accounts: true, goog:chromeOptions: {debuggerAddress: localhost:58823}, networkConnectionEnabled: false, pageLoadStrategy: normal, platformName: windows, proxy: Proxy(), se:cdp: ws://localhost:58823/devtoo..., se:cdpVersion: 138.0.7204.97, setWindowRect: true, strictFileInteractability: false, timeouts: {implicit: 0, pageLoad: 300000, script: 30000}, unhandledPromptBehavior: dismiss and notify, webauthn:extension:credBlob: true, webauthn:extension:largeBlob: true, webauthn:extension:minPinLength: true, webauthn:extension:prf: true, webauthn:virtualAuthenticators: true}
Session ID: f1e58dc6f186a28f7f57c3bf9da15b12">
      <![CDATA[org.openqa.selenium.TimeoutException: Expected condition failed: waiting for visibility of element located by By.className: shopping_cart_badge (tried for 5 second(s) with 500 milliseconds interval)
Build info: version: '4.20.0', revision: '866c76ca80'
System info: os.name: 'Windows 11', os.arch: 'amd64', os.version: '10.0', java.version: '17.0.12'
Driver info: org.openqa.selenium.chrome.ChromeDriver
Capabilities {acceptInsecureCerts: false, browserName: chrome, browserVersion: 138.0.7204.97, chrome: {chromedriverVersion: 138.0.7204.92 (f079b9bc781e..., userDataDir: /tmp/chrome-user-data-e3cfb...}, fedcm:accounts: true, goog:chromeOptions: {debuggerAddress: localhost:58823}, networkConnectionEnabled: false, pageLoadStrategy: normal, platformName: windows, proxy: Proxy(), se:cdp: ws://localhost:58823/devtoo..., se:cdpVersion: 138.0.7204.97, setWindowRect: true, strictFileInteractability: false, timeouts: {implicit: 0, pageLoad: 300000, script: 30000}, unhandledPromptBehavior: dismiss and notify, webauthn:extension:credBlob: true, webauthn:extension:largeBlob: true, webauthn:extension:minPinLength: true, webauthn:extension:prf: true, webauthn:virtualAuthenticators: true}
Session ID: f1e58dc6f186a28f7f57c3bf9da15b12
at org.openqa.selenium.support.ui.WebDriverWait.timeoutException(WebDriverWait.java:84)
at org.openqa.selenium.support.ui.FluentWait.until(FluentWait.java:228)
at utils.WaitUtils.waitForVisibility(WaitUtils.java:11)
at pages.InventoryPage.getCartBadgeCount(InventoryPage.java:88)
at tests.InventoryTest.addFirstProductToCartFromInventoryPage(InventoryTest.java:77)
at java.base/java.util.ArrayList.forEach(ArrayList.java:1511)
... Removed 27 stack frames]]>
    </failure>
  </testcase> <!-- addFirstProductToCartFromInventoryPage -->
  <testcase classname="tests.InventoryTest" name="addAllTheProductsToCartFromInventoryPage" time="0.0">
    <skipped/>
  </testcase> <!-- addAllTheProductsToCartFromInventoryPage -->
  <testcase classname="tests.InventoryTest" name="removeFirstItemFromCart" time="0.0">
    <skipped/>
  </testcase> <!-- removeFirstItemFromCart -->
  <testcase classname="tests.InventoryTest" name="removeAllTheProductsFromCart" time="0.0">
    <skipped/>
  </testcase> <!-- removeAllTheProductsFromCart -->
  <testcase classname="base.BaseTest" name="@BeforeSuite setupReport" time="0.0">
    <ignored/>
  </testcase> <!-- @BeforeSuite setupReport -->
  <testcase classname="base.BaseTest" name="@AfterSuite generateReport" time="0.0">
    <ignored/>
  </testcase> <!-- @AfterSuite generateReport -->
</testsuite> <!-- Swag Tests -->
