<?xml version="1.0" encoding="UTF-8"?>
<!-- Generated by org.testng.reporters.JUnitXMLReporter -->
<testsuite ignored="0" hostname="MSI" failures="0" tests="5" name="Swag Tests" time="15.541" errors="0" timestamp="2025-07-05T17:05:14 IST">
  <testcase classname="tests.LoginTest" name="loginTest" time="1.886"/>
  <testcase classname="tests.LoginTest" name="loginTest" time="1.374"/>
  <testcase classname="tests.LoginTest" name="loginTest" time="1.225"/>
  <testcase classname="tests.LoginTest" name="loginTest" time="1.23"/>
  <testcase classname="tests.LoginTest" name="loginTest" time="1.212"/>
</testsuite> <!-- Swag Tests -->
