<?xml version="1.0" encoding="UTF-8"?>
<testng-results ignored="0" total="5" passed="5" failed="0" skipped="0">
  <reporter-output>
  </reporter-output>
  <suite started-at="2025-07-05T18:27:20 IST" name="Default suite" finished-at="2025-07-05T18:27:30 IST" duration-ms="10055">
    <groups>
    </groups>
    <test started-at="2025-07-05T18:27:20 IST" name="Default test" finished-at="2025-07-05T18:27:30 IST" duration-ms="10055">
      <class name="tests.LoginTest">
        <test-method is-config="true" signature="setupReport()[pri:0, instance:tests.LoginTest@2d29b4ee]" started-at="2025-07-05T18:27:20 IST" name="setupReport" finished-at="2025-07-05T18:27:20 IST" duration-ms="227" status="PASS">
          <reporter-output>
          </reporter-output>
        </test-method> <!-- setupReport -->
        <test-method is-config="true" signature="setupDriver(java.lang.reflect.Method)[pri:0, instance:tests.LoginTest@2d29b4ee]" started-at="2025-07-05T18:27:20 IST" name="setupDriver" finished-at="2025-07-05T18:27:21 IST" duration-ms="1376" status="PASS">
          <params>
            <param index="0">
              <value>
                <![CDATA[public void tests.LoginTest.loginTest(java.lang.String,java.lang.String,boolean)]]>
              </value>
            </param>
          </params>
          <reporter-output>
          </reporter-output>
        </test-method> <!-- setupDriver -->
        <test-method signature="loginTest(java.lang.String,java.lang.String,boolean)[pri:0, instance:tests.LoginTest@2d29b4ee]" started-at="2025-07-05T18:27:22 IST" name="loginTest" data-provider="loginCredentials" finished-at="2025-07-05T18:27:23 IST" duration-ms="1135" status="PASS">
          <params>
            <param index="0">
              <value>
                <![CDATA[standard_user]]>
              </value>
            </param>
            <param index="1">
              <value>
                <![CDATA[secret_sauce]]>
              </value>
            </param>
            <param index="2">
              <value>
                <![CDATA[true]]>
              </value>
            </param>
          </params>
          <reporter-output>
          </reporter-output>
        </test-method> <!-- loginTest -->
        <test-method is-config="true" signature="tearDownTest(org.testng.ITestResult)[pri:0, instance:tests.LoginTest@2d29b4ee]" started-at="2025-07-05T18:27:23 IST" name="tearDownTest" finished-at="2025-07-05T18:27:23 IST" duration-ms="212" status="PASS">
          <params>
            <param index="0">
              <value>
                <![CDATA[[TestResult name=loginTest status=SUCCESS method=LoginTest.loginTest(java.lang.String,java.lang.String,boolean)[pri:0, instance:tests.LoginTest@2d29b4ee] output={null}]]]>
              </value>
            </param>
          </params>
          <reporter-output>
          </reporter-output>
        </test-method> <!-- tearDownTest -->
        <test-method is-config="true" signature="setupDriver(java.lang.reflect.Method)[pri:0, instance:tests.LoginTest@2d29b4ee]" started-at="2025-07-05T18:27:23 IST" name="setupDriver" finished-at="2025-07-05T18:27:24 IST" duration-ms="767" status="PASS">
          <params>
            <param index="0">
              <value>
                <![CDATA[public void tests.LoginTest.loginTest(java.lang.String,java.lang.String,boolean)]]>
              </value>
            </param>
          </params>
          <reporter-output>
          </reporter-output>
        </test-method> <!-- setupDriver -->
        <test-method signature="loginTest(java.lang.String,java.lang.String,boolean)[pri:0, instance:tests.LoginTest@2d29b4ee]" started-at="2025-07-05T18:27:24 IST" name="loginTest" data-provider="loginCredentials" finished-at="2025-07-05T18:27:25 IST" duration-ms="909" status="PASS">
          <params>
            <param index="0">
              <value>
                <![CDATA[invalid_user]]>
              </value>
            </param>
            <param index="1">
              <value>
                <![CDATA[secret_sauce]]>
              </value>
            </param>
            <param index="2">
              <value>
                <![CDATA[false]]>
              </value>
            </param>
          </params>
          <reporter-output>
          </reporter-output>
        </test-method> <!-- loginTest -->
        <test-method is-config="true" signature="tearDownTest(org.testng.ITestResult)[pri:0, instance:tests.LoginTest@2d29b4ee]" started-at="2025-07-05T18:27:25 IST" name="tearDownTest" finished-at="2025-07-05T18:27:25 IST" duration-ms="131" status="PASS">
          <params>
            <param index="0">
              <value>
                <![CDATA[[TestResult name=loginTest status=SUCCESS method=LoginTest.loginTest(java.lang.String,java.lang.String,boolean)[pri:0, instance:tests.LoginTest@2d29b4ee] output={null}]]]>
              </value>
            </param>
          </params>
          <reporter-output>
          </reporter-output>
        </test-method> <!-- tearDownTest -->
        <test-method is-config="true" signature="setupDriver(java.lang.reflect.Method)[pri:0, instance:tests.LoginTest@2d29b4ee]" started-at="2025-07-05T18:27:25 IST" name="setupDriver" finished-at="2025-07-05T18:27:25 IST" duration-ms="673" status="PASS">
          <params>
            <param index="0">
              <value>
                <![CDATA[public void tests.LoginTest.loginTest(java.lang.String,java.lang.String,boolean)]]>
              </value>
            </param>
          </params>
          <reporter-output>
          </reporter-output>
        </test-method> <!-- setupDriver -->
        <test-method signature="loginTest(java.lang.String,java.lang.String,boolean)[pri:0, instance:tests.LoginTest@2d29b4ee]" started-at="2025-07-05T18:27:25 IST" name="loginTest" data-provider="loginCredentials" finished-at="2025-07-05T18:27:26 IST" duration-ms="944" status="PASS">
          <params>
            <param index="0">
              <value>
                <![CDATA[standard_user]]>
              </value>
            </param>
            <param index="1">
              <value>
                <![CDATA[wrong_pass]]>
              </value>
            </param>
            <param index="2">
              <value>
                <![CDATA[false]]>
              </value>
            </param>
          </params>
          <reporter-output>
          </reporter-output>
        </test-method> <!-- loginTest -->
        <test-method is-config="true" signature="tearDownTest(org.testng.ITestResult)[pri:0, instance:tests.LoginTest@2d29b4ee]" started-at="2025-07-05T18:27:26 IST" name="tearDownTest" finished-at="2025-07-05T18:27:26 IST" duration-ms="166" status="PASS">
          <params>
            <param index="0">
              <value>
                <![CDATA[[TestResult name=loginTest status=SUCCESS method=LoginTest.loginTest(java.lang.String,java.lang.String,boolean)[pri:0, instance:tests.LoginTest@2d29b4ee] output={null}]]]>
              </value>
            </param>
          </params>
          <reporter-output>
          </reporter-output>
        </test-method> <!-- tearDownTest -->
        <test-method is-config="true" signature="setupDriver(java.lang.reflect.Method)[pri:0, instance:tests.LoginTest@2d29b4ee]" started-at="2025-07-05T18:27:26 IST" name="setupDriver" finished-at="2025-07-05T18:27:27 IST" duration-ms="729" status="PASS">
          <params>
            <param index="0">
              <value>
                <![CDATA[public void tests.LoginTest.loginTest(java.lang.String,java.lang.String,boolean)]]>
              </value>
            </param>
          </params>
          <reporter-output>
          </reporter-output>
        </test-method> <!-- setupDriver -->
        <test-method signature="loginTest(java.lang.String,java.lang.String,boolean)[pri:0, instance:tests.LoginTest@2d29b4ee]" started-at="2025-07-05T18:27:27 IST" name="loginTest" data-provider="loginCredentials" finished-at="2025-07-05T18:27:28 IST" duration-ms="829" status="PASS">
          <params>
            <param index="0">
              <value>
                <![CDATA[]]>
              </value>
            </param>
            <param index="1">
              <value>
                <![CDATA[secret_sauce]]>
              </value>
            </param>
            <param index="2">
              <value>
                <![CDATA[false]]>
              </value>
            </param>
          </params>
          <reporter-output>
          </reporter-output>
        </test-method> <!-- loginTest -->
        <test-method is-config="true" signature="tearDownTest(org.testng.ITestResult)[pri:0, instance:tests.LoginTest@2d29b4ee]" started-at="2025-07-05T18:27:28 IST" name="tearDownTest" finished-at="2025-07-05T18:27:28 IST" duration-ms="157" status="PASS">
          <params>
            <param index="0">
              <value>
                <![CDATA[[TestResult name=loginTest status=SUCCESS method=LoginTest.loginTest(java.lang.String,java.lang.String,boolean)[pri:0, instance:tests.LoginTest@2d29b4ee] output={null}]]]>
              </value>
            </param>
          </params>
          <reporter-output>
          </reporter-output>
        </test-method> <!-- tearDownTest -->
        <test-method is-config="true" signature="setupDriver(java.lang.reflect.Method)[pri:0, instance:tests.LoginTest@2d29b4ee]" started-at="2025-07-05T18:27:28 IST" name="setupDriver" finished-at="2025-07-05T18:27:29 IST" duration-ms="807" status="PASS">
          <params>
            <param index="0">
              <value>
                <![CDATA[public void tests.LoginTest.loginTest(java.lang.String,java.lang.String,boolean)]]>
              </value>
            </param>
          </params>
          <reporter-output>
          </reporter-output>
        </test-method> <!-- setupDriver -->
        <test-method signature="loginTest(java.lang.String,java.lang.String,boolean)[pri:0, instance:tests.LoginTest@2d29b4ee]" started-at="2025-07-05T18:27:29 IST" name="loginTest" data-provider="loginCredentials" finished-at="2025-07-05T18:27:30 IST" duration-ms="871" status="PASS">
          <params>
            <param index="0">
              <value>
                <![CDATA[standard_user]]>
              </value>
            </param>
            <param index="1">
              <value>
                <![CDATA[]]>
              </value>
            </param>
            <param index="2">
              <value>
                <![CDATA[false]]>
              </value>
            </param>
          </params>
          <reporter-output>
          </reporter-output>
        </test-method> <!-- loginTest -->
        <test-method is-config="true" signature="tearDownTest(org.testng.ITestResult)[pri:0, instance:tests.LoginTest@2d29b4ee]" started-at="2025-07-05T18:27:30 IST" name="tearDownTest" finished-at="2025-07-05T18:27:30 IST" duration-ms="203" status="PASS">
          <params>
            <param index="0">
              <value>
                <![CDATA[[TestResult name=loginTest status=SUCCESS method=LoginTest.loginTest(java.lang.String,java.lang.String,boolean)[pri:0, instance:tests.LoginTest@2d29b4ee] output={null}]]]>
              </value>
            </param>
          </params>
          <reporter-output>
          </reporter-output>
        </test-method> <!-- tearDownTest -->
        <test-method is-config="true" signature="generateReport()[pri:0, instance:tests.LoginTest@2d29b4ee]" started-at="2025-07-05T18:27:30 IST" name="generateReport" finished-at="2025-07-05T18:27:30 IST" duration-ms="213" status="PASS">
          <reporter-output>
          </reporter-output>
        </test-method> <!-- generateReport -->
      </class> <!-- tests.LoginTest -->
    </test> <!-- Default test -->
  </suite> <!-- Default suite -->
</testng-results>
